#
# There is insufficient memory for the Java Runtime Environment to continue.
# Native memory allocation (mmap) failed to map 266338304 bytes for G1 virtual space
# Possible reasons:
#   The system is out of physical RAM or swap space
#   The process is running with CompressedOops enabled, and the Java Heap may be blocking the growth of the native heap
# Possible solutions:
#   Reduce memory load on the system
#   Increase physical memory or swap space
#   Check if swap backing store is full
#   Decrease Java heap size (-Xmx/-Xms)
#   Decrease number of Java threads
#   Decrease Java thread stack sizes (-Xss)
#   Set larger code cache with -XX:ReservedCodeCacheSize=
#   JVM is running with Zero Based Compressed Oops mode in which the Java heap is
#     placed in the first 32GB address space. The Java Heap base address is the
#     maximum limit for the native heap growth. Please use -XX:HeapBaseMinAddress
#     to set the Java Heap base and to place the Java Heap above 32GB virtual address.
# This output file may be truncated or incomplete.
#
#  Out of Memory Error (os_windows.cpp:3541), pid=20292, tid=21652
#
# JRE version:  (17.0.4.1+9) (build )
# Java VM: OpenJDK 64-Bit Server VM (17.0.4.1+9-LTS, mixed mode, emulated-client, sharing, tiered, compressed oops, compressed class ptrs, g1 gc, windows-amd64)
# No core dump will be written. Minidumps are not enabled by default on client versions of Windows
#

---------------  S U M M A R Y ------------

Command Line: -XX:TieredStopAtLevel=1 -Dspring.output.ansi.enabled=always -Dcom.sun.management.jmxremote -Dspring.jmx.enabled=true -Dspring.liveBeansView.mbeanDomain -Dspring.application.admin.enabled=true -javaagent:C:\Users\aorus\AppData\Local\JetBrains\IntelliJ IDEA 2022.2.2\lib\idea_rt.jar=61922:C:\Users\aorus\AppData\Local\JetBrains\IntelliJ IDEA 2022.2.2\bin -Dfile.encoding=UTF-8 ma.m0hamedait.appgateway.AppGatewayApplication

Host: Intel(R) Core(TM) i5-10200H CPU @ 2.40GHz, 8 cores, 15G,  Windows 11 , 64 bit Build 22000 (10.0.22000.708)
Time: Sat Oct 22 20:38:31 2022 Morocco Daylight Time elapsed time: 0.025309 seconds (0d 0h 0m 0s)

---------------  T H R E A D  ---------------

Current thread (0x0000026acf980410):  JavaThread "Unknown thread" [_thread_in_vm, id=21652, stack(0x000000dbae300000,0x000000dbae400000)]

Stack: [0x000000dbae300000,0x000000dbae400000]
Native frames: (J=compiled Java code, j=interpreted, Vv=VM code, C=native code)
V  [jvm.dll+0x64724a]
V  [jvm.dll+0x7f87a4]
V  [jvm.dll+0x7f9f5e]
V  [jvm.dll+0x7fa5b3]
V  [jvm.dll+0x234ed8]
V  [jvm.dll+0x64418a]
V  [jvm.dll+0x638ab2]
V  [jvm.dll+0x2f3109]
V  [jvm.dll+0x2fa2e6]
V  [jvm.dll+0x345eaa]
V  [jvm.dll+0x3460ef]
V  [jvm.dll+0x2c95a8]
V  [jvm.dll+0x2ca539]
V  [jvm.dll+0x7cbdb1]
V  [jvm.dll+0x353391]
V  [jvm.dll+0x7ac18e]
V  [jvm.dll+0x3cec43]
V  [jvm.dll+0x3d0681]
C  [jli.dll+0x51af]
C  [ucrtbase.dll+0x26c0c]
C  [KERNEL32.DLL+0x154e0]
C  [ntdll.dll+0x485b]


---------------  P R O C E S S  ---------------

Threads class SMR info:
_java_thread_list=0x00007ff8e2f96718, length=0, elements={
}

Java Threads: ( => current thread )

Other Threads:
  0x0000026acf9ebcc0 GCTaskThread "GC Thread#0" [stack: 0x000000dbae400000,0x000000dbae500000] [id=27076]
  0x0000026acf9fca20 ConcurrentGCThread "G1 Main Marker" [stack: 0x000000dbae500000,0x000000dbae600000] [id=13656]
  0x0000026acf9fd430 ConcurrentGCThread "G1 Conc#0" [stack: 0x000000dbae600000,0x000000dbae700000] [id=21216]

[error occurred during error reporting (printing all threads), id 0xc0000005, EXCEPTION_ACCESS_VIOLATION (0xc0000005) at pc=0x00007ff8e278a797]

VM state: not at safepoint (not fully initialized)

VM Mutex/Monitor currently owned by a thread:  ([mutex/lock_event])
[0x0000026acf97b820] Heap_lock - owner thread: 0x0000026acf980410

Heap address: 0x0000000703400000, size: 4044 MB, Compressed Oops mode: Zero based, Oop shift amount: 3

CDS archive(s) mapped at: [0x0000000000000000-0x0000000000000000-0x0000000000000000), size 0, SharedBaseAddress: 0x0000000800000000, ArchiveRelocationMode: 0.
Narrow klass base: 0x0000000000000000, Narrow klass shift: 0, Narrow klass range: 0x0

GC Precious Log:
<Empty>

Heap:
 garbage-first heap   total 0K, used 0K [0x0000000703400000, 0x0000000800000000)
  region size 2048K, 0 young (0K), 0 survivors (0K)

[error occurred during error reporting (printing heap information), id 0xc0000005, EXCEPTION_ACCESS_VIOLATION (0xc0000005) at pc=0x00007ff8e2b4ed69]

GC Heap History (0 events):
No events

Deoptimization events (0 events):
No events

Classes unloaded (0 events):
No events

Classes redefined (0 events):
No events

Internal exceptions (0 events):
No events

VM Operations (0 events):
No events

Events (1 events):
Event: 0.015 Loaded shared library C:\Users\aorus\Downloads\jdk17.0.4_9\bin\java.dll


Dynamic libraries:
0x00007ff7a6760000 - 0x00007ff7a676d000 	C:\Users\aorus\Downloads\jdk17.0.4_9\bin\java.exe
0x00007ff98a520000 - 0x00007ff98a729000 	C:\WINDOWS\SYSTEM32\ntdll.dll
0x00007ff9896e0000 - 0x00007ff98979d000 	C:\WINDOWS\System32\KERNEL32.DLL
0x00007ff987e30000 - 0x00007ff9881ab000 	C:\WINDOWS\System32\KERNELBASE.dll
0x00007ff9881e0000 - 0x00007ff9882f1000 	C:\WINDOWS\System32\ucrtbase.dll
0x00007ff9578c0000 - 0x00007ff9578d8000 	C:\Users\aorus\Downloads\jdk17.0.4_9\bin\jli.dll
0x00007ff954450000 - 0x00007ff954465000 	C:\Users\aorus\Downloads\jdk17.0.4_9\bin\VCRUNTIME140.dll
0x00007ff98a010000 - 0x00007ff98a1bd000 	C:\WINDOWS\System32\USER32.dll
0x00007ff964430000 - 0x00007ff9646d5000 	C:\WINDOWS\WinSxS\amd64_microsoft.windows.common-controls_6595b64144ccf1df_6.0.22000.120_none_9d947278b86cc467\COMCTL32.dll
0x00007ff9881b0000 - 0x00007ff9881d6000 	C:\WINDOWS\System32\win32u.dll
0x00007ff989580000 - 0x00007ff989623000 	C:\WINDOWS\System32\msvcrt.dll
0x00007ff989050000 - 0x00007ff989079000 	C:\WINDOWS\System32\GDI32.dll
0x00007ff987c50000 - 0x00007ff987d68000 	C:\WINDOWS\System32\gdi32full.dll
0x00007ff988300000 - 0x00007ff98839d000 	C:\WINDOWS\System32\msvcp_win.dll
0x00007ff989fb0000 - 0x00007ff989fe1000 	C:\WINDOWS\System32\IMM32.DLL
0x00007ff8e81f0000 - 0x00007ff8e828b000 	C:\Users\aorus\Downloads\jdk17.0.4_9\bin\msvcp140.dll
0x00007ff8e24b0000 - 0x00007ff8e30c4000 	C:\Users\aorus\Downloads\jdk17.0.4_9\bin\server\jvm.dll
0x00007ff989d90000 - 0x00007ff989e3e000 	C:\WINDOWS\System32\ADVAPI32.dll
0x00007ff9897a0000 - 0x00007ff98983e000 	C:\WINDOWS\System32\sechost.dll
0x00007ff98a3c0000 - 0x00007ff98a4e0000 	C:\WINDOWS\System32\RPCRT4.dll
0x00007ff989640000 - 0x00007ff989648000 	C:\WINDOWS\System32\PSAPI.DLL
0x00007ff9690e0000 - 0x00007ff9690e9000 	C:\WINDOWS\SYSTEM32\WSOCK32.dll
0x00007ff981910000 - 0x00007ff981943000 	C:\WINDOWS\SYSTEM32\WINMM.dll
0x00007ff989840000 - 0x00007ff9898af000 	C:\WINDOWS\System32\WS2_32.dll
0x00007ff980c60000 - 0x00007ff980c6a000 	C:\WINDOWS\SYSTEM32\VERSION.dll
0x00007ff986b20000 - 0x00007ff986b38000 	C:\WINDOWS\SYSTEM32\kernel.appcore.dll
0x00007ff957e50000 - 0x00007ff957e5a000 	C:\Users\aorus\Downloads\jdk17.0.4_9\bin\jimage.dll
0x00007ff980480000 - 0x00007ff9806a1000 	C:\WINDOWS\SYSTEM32\DBGHELP.DLL
0x00007ff963cf0000 - 0x00007ff963d21000 	C:\WINDOWS\SYSTEM32\dbgcore.DLL
0x00007ff987a60000 - 0x00007ff987adf000 	C:\WINDOWS\System32\bcryptPrimitives.dll
0x00007ff942270000 - 0x00007ff94227e000 	C:\Users\aorus\Downloads\jdk17.0.4_9\bin\instrument.dll
0x00007ff9579d0000 - 0x00007ff9579f5000 	C:\Users\aorus\Downloads\jdk17.0.4_9\bin\java.dll

dbghelp: loaded successfully - version: 4.0.5 - missing functions: none
symbol engine: initialized successfully - sym options: 0x614 - pdb path: .;C:\Users\aorus\Downloads\jdk17.0.4_9\bin;C:\WINDOWS\SYSTEM32;C:\WINDOWS\WinSxS\amd64_microsoft.windows.common-controls_6595b64144ccf1df_6.0.22000.120_none_9d947278b86cc467;C:\Users\aorus\Downloads\jdk17.0.4_9\bin\server

VM Arguments:
jvm_args: -XX:TieredStopAtLevel=1 -Dspring.output.ansi.enabled=always -Dcom.sun.management.jmxremote -Dspring.jmx.enabled=true -Dspring.liveBeansView.mbeanDomain -Dspring.application.admin.enabled=true -javaagent:C:\Users\aorus\AppData\Local\JetBrains\IntelliJ IDEA 2022.2.2\lib\idea_rt.jar=61922:C:\Users\aorus\AppData\Local\JetBrains\IntelliJ IDEA 2022.2.2\bin -Dfile.encoding=UTF-8 
java_command: ma.m0hamedait.appgateway.AppGatewayApplication
java_class_path (initial): D:\BDCC-S5\Parallel_&_distributed_systems\app-demo\app-gateway\target\classes;C:\Users\aorus\.m2\repository\org\springframework\cloud\spring-cloud-starter-gateway\3.1.4\spring-cloud-starter-gateway-3.1.4.jar;C:\Users\aorus\.m2\repository\org\springframework\cloud\spring-cloud-starter\3.1.4\spring-cloud-starter-3.1.4.jar;C:\Users\aorus\.m2\repository\org\springframework\cloud\spring-cloud-context\3.1.4\spring-cloud-context-3.1.4.jar;C:\Users\aorus\.m2\repository\org\springframework\security\spring-security-crypto\5.7.3\spring-security-crypto-5.7.3.jar;C:\Users\aorus\.m2\repository\org\springframework\cloud\spring-cloud-commons\3.1.4\spring-cloud-commons-3.1.4.jar;C:\Users\aorus\.m2\repository\org\springframework\security\spring-security-rsa\1.0.11.RELEASE\spring-security-rsa-1.0.11.RELEASE.jar;C:\Users\aorus\.m2\repository\org\bouncycastle\bcpkix-jdk15on\1.69\bcpkix-jdk15on-1.69.jar;C:\Users\aorus\.m2\repository\org\bouncycastle\bcprov-jdk15on\1.69\bcprov-jdk15on-1.69.jar;C:\Users\aorus\.m2\repository\org\bouncycastle\bcutil-jdk15on\1.69\bcutil-jdk15on-1.69.jar;C:\Users\aorus\.m2\repository\org\springframework\cloud\spring-cloud-gateway-server\3.1.4\spring-cloud-gateway-server-3.1.4.jar;C:\Users\aorus\.m2\repository\org\springframework\boot\spring-boot-starter-validation\2.7.4\spring-boot-starter-validation-2.7.4.jar;C:\Users\aorus\.m2\repository\org\apache\tomcat\embed\tomcat-embed-el\9.0.65\tomcat-embed-el-9.0.65.jar;C:\Users\aorus\.m2\repository\org\hibernate\validator\hibernate-validator\6.2.5.Final\hibernate-validator-6.2.5.Final.jar;C:\Users\aorus\.m2\repository\jakarta\validation\jakarta.validation-api\2.0.2\jakarta.validation-api-2.0.2.jar;C:\Users\aorus\.m2\repository\org\jboss\logging\jboss-logging\3.4.3.Final\jboss-logging-3.4.3.Final.jar;C:\Users\aorus\.m2\repository\com\fasterxml\classmate\1.5.1\classmate-1.5.1.jar;C:\Users\aorus\.m2\repository\io\projectreactor\addons\reactor-extra\3.4.8\reactor-extra-3.4.8.jar;C:\Users\aoru
Launcher Type: SUN_STANDARD

[Global flags]
     intx CICompilerCount                          = 4                                         {product} {ergonomic}
     uint ConcGCThreads                            = 2                                         {product} {ergonomic}
     uint G1ConcRefinementThreads                  = 8                                         {product} {ergonomic}
   size_t G1HeapRegionSize                         = 2097152                                   {product} {ergonomic}
    uintx GCDrainStackTargetSize                   = 64                                        {product} {ergonomic}
   size_t InitialHeapSize                          = 266338304                                 {product} {ergonomic}
     bool ManagementServer                         = true                                      {product} {command line}
   size_t MarkStackSize                            = 4194304                                   {product} {ergonomic}
   size_t MaxHeapSize                              = 4240441344                                {product} {ergonomic}
   size_t MinHeapDeltaBytes                        = 2097152                                   {product} {ergonomic}
   size_t MinHeapSize                              = 8388608                                   {product} {ergonomic}
    uintx NonProfiledCodeHeapSize                  = 0                                      {pd product} {ergonomic}
     bool ProfileInterpreter                       = false                                  {pd product} {command line}
    uintx ProfiledCodeHeapSize                     = 0                                      {pd product} {ergonomic}
   size_t SoftMaxHeapSize                          = 4240441344                             {manageable} {ergonomic}
     intx TieredStopAtLevel                        = 1                                         {product} {command line}
     bool UseCompressedClassPointers               = true                           {product lp64_product} {ergonomic}
     bool UseCompressedOops                        = true                           {product lp64_product} {ergonomic}
     bool UseG1GC                                  = true                                      {product} {ergonomic}
     bool UseLargePagesIndividualAllocation        = false                                  {pd product} {ergonomic}

Logging:
Log output configuration:
 #0: stdout all=warning uptime,level,tags
 #1: stderr all=off uptime,level,tags

Environment Variables:
PATH=C:\Program Files (x86)\VMware\VMware Workstation\bin\;C:\Program Files (x86)\Common Files\Oracle\Java\javapath;C:\Program Files\NVIDIA GPU Computing Toolkit\CUDA\v11.7\bin;C:\Program Files\NVIDIA GPU Computing Toolkit\CUDA\v11.7\libnvvp;C:\Program Files (x86)\Common Files\Intel\Shared Libraries\redist\intel64\compiler;C:\WINDOWS\system32;C:\WINDOWS;C:\WINDOWS\System32\Wbem;C:\WINDOWS\System32\WindowsPowerShell\v1.0\;C:\WINDOWS\System32\OpenSSH\;C:\Program Files\Git\cmd;C:\Program Files (x86)\dotnet\;C:\Program Files\nodejs\;C:\Program Files (x86)\NVIDIA Corporation\PhysX\Common;C:\Program Files\NVIDIA Corporation\NVIDIA NvDLISR;C:\Program Files\GoogleProtobuf\bin;C:\Program Files\NVIDIA Corporation\Nsight Compute 2022.2.1\;C:\tools\cudnn-windows-x86_64-8.5.0.96_cuda11-archive\bin;C:\tools\cudnn-windows-x86_64-8.5.0.96_cuda11-archive\include;C:\Program Files\NVIDIA GPU Computing Toolkit\CUDA\v11.7\extras\CUPTI\lib64;C:\Program Files\NVIDIA GPU Computing Toolkit\CUDA\v11.7\extras\CUPTI\include;C:\Program Files\Tesseract-OCR;C:\Program Files\dotnet\;C:\Program Files\Docker\Docker\resources\bin;C:\ProgramData\DockerDesktop\version-bin;C:\ProgramData\chocolatey\bin;C:\Users\aorus\AppData\Local\Programs\Python\Python310\Scripts\;C:\Users\aorus\AppData\Local\Programs\Python\Python310\;C:\Users\aorus\AppData\Local\Microsoft\WindowsApps;C:\Users\aorus\AppData\Local\Programs\Microsoft VS Code\bin;C:\Users\aorus\AppData\Local\GitHubDesktop\bin;C:\Users\aorus\AppData\Roaming\npm;C:\Program Files\JetBrains\IntelliJ IDEA Community Edition 2022.2.2\bin;;C:\Users\aorus\AppData\Local\JetBrains\IntelliJ IDEA 2022.2.2\bin;
USERNAME=aorus
OS=Windows_NT
PROCESSOR_IDENTIFIER=Intel64 Family 6 Model 165 Stepping 2, GenuineIntel
TMP=C:\Users\aorus\AppData\Local\Temp
TEMP=C:\Users\aorus\AppData\Local\Temp



---------------  S Y S T E M  ---------------

OS:
 Windows 11 , 64 bit Build 22000 (10.0.22000.708)
OS uptime: 0 days 10:03 hours
Hyper-V role detected

CPU: total 8 (initial active 8) (4 cores per cpu, 2 threads per core) family 6 model 165 stepping 2 microcode 0xe0, cx8, cmov, fxsr, ht, mmx, 3dnowpref, sse, sse2, sse3, ssse3, sse4.1, sse4.2, popcnt, lzcnt, tsc, tscinvbit, avx, avx2, aes, erms, clmul, bmi1, bmi2, adx, fma, vzeroupper, clflush, clflushopt, hv

Memory: 4k page, system-wide physical 16173M (648M free)
TotalPageFile size 40468M (AvailPageFile size 65M)
current process WorkingSet (physical memory assigned to process): 10M, peak: 10M
current process commit charge ("private bytes"): 55M, peak: 309M

vm_info: OpenJDK 64-Bit Server VM (17.0.4.1+9-LTS) for windows-amd64 JRE (17.0.4.1+9-LTS), built on Aug 12 2022 17:33:36 by "Administrator" with MS VC++ 15.9 (VS2017)

END.
